   - NO_NAME (CZ1101A) CHECK REPORT ROUTINES.
   - NO_NAME    INITIAL VALUES SHOULD BE 'NO_NAME' AND 'FAILED'.
**** NO_NAME FAILED ****************************.

,.,. PASS_TEST ACATS 4.1 21-05-16 10:59:49
---- PASS_TEST CHECKING 'TEST' AND 'RESULT' FOR 'PASSED'.
   - PASS_TEST THIS LINE IS EXACTLY 'MAX_LEN' LONG. ...5...60....5...70.
   - PASS_TEST THIS COMMENT HAS A WORD THAT SPANS THE FOLD POINT. THIS
                  COMMENT FITS EXACTLY ON TWO LINES. ..5...60....5...70.
   - PASS_TEST
                  THIS_COMMENT_IS_ONE_VERY_LONG_WORD_AND_SO_IT_SHOULD_BE
                  _SPLIT_AT_THE_FOLD_POINT.
==== PASS_TEST PASSED ============================.
   - NO_NAME CHECK THAT 'RESULT' RESETS VALUES TO 'NO_NAME' AND
                'FAILED'.
**** NO_NAME FAILED ****************************.

,.,. FAIL_TEST ACATS 4.1 21-05-16 10:59:49
---- FAIL_TEST CHECKING 'FAILED' AND 'RESULT' FOR 'FAILED'.
   * FAIL_TEST 'RESULT' SHOULD NOW BE 'FAILED'.
**** FAIL_TEST FAILED ****************************.

,.,. NA_TEST ACATS 4.1 21-05-16 10:59:49
---- NA_TEST CHECKING 'NOT-APPLICABLE'.
   + NA_TEST 'RESULT' SHOULD NOW BE 'NOT-APPLICABLE'.
++++ NA_TEST NOT-APPLICABLE ++++++++++++++++++++.

,.,. FAIL_NA_TEST ACATS 4.1 21-05-16 10:59:49
---- FAIL_NA_TEST CHECKING 'NOT_APPLICABLE', 'FAILED', 'NOT_APPLICABLE'.
   + FAIL_NA_TEST 'RESULT' BECOMES 'NOT-APPLICABLE'.
   * FAIL_NA_TEST 'RESULT' BECOMES 'FAILED'.
   + FAIL_NA_TEST CALLING 'NOT_APPLICABLE' DOESN'T CHANGE 'RESULT'.
**** FAIL_NA_TEST FAILED ****************************.

,.,. SPEC_NA_TEST ACATS 4.1 21-05-16 10:59:49
---- SPEC_NA_TEST CHECKING 'SPEC_ACT', 'NOT_APPLICABLE', 'SPEC_ACT'.
   ! SPEC_NA_TEST 'RESULT' BECOMES 'TENTATIVELY PASSED'.
   + SPEC_NA_TEST 'RESULT' BECOMES 'NOT APPLICABLE'.
   ! SPEC_NA_TEST CALLING 'SPECIAL_ACTION' DOESN'T CHANGE 'RESULT'.
++++ SPEC_NA_TEST NOT-APPLICABLE ++++++++++++++++++++.

,.,. SPEC_FAIL_TEST ACATS 4.1 21-05-16 10:59:49
---- SPEC_FAIL_TEST CHECKING 'SPEC_ACT', 'FAILED', 'SPEC_ACT'.
   ! SPEC_FAIL_TEST 'RESULT' BECOMES 'TENTATIVELY PASSED'.
   * SPEC_FAIL_TEST 'RESULT' BECOMES 'FAILED'.
   ! SPEC_FAIL_TEST CALLING 'SPECIAL_ACTION' DOESN'T CHANGE 'RESULT'.
**** SPEC_FAIL_TEST FAILED ****************************.

,.,. CZ1101A ACATS 4.1 21-05-16 10:59:49
---- CZ1101A CHECKING 'SPECIAL_ACTION' ALONE.
   ! CZ1101A 'RESULT' BECOMES 'TENTATIVELY PASSED'.
!!!! CZ1101A TENTATIVELY PASSED !!!!!!!!!!!!!!!!.
!!!!         SEE '!' COMMENTS FOR SPECIAL NOTES!!
